<?xml version="1.0" encoding="UTF-8"?>
<!-- Generated by org.testng.reporters.JUnitXMLReporter -->
<testsuite ignored="0" hostname="DESKTOP-1L2U70G" failures="0" tests="3" name="chrometest" time="6.995" errors="0" timestamp="2025-01-07T18:15:48 IST">
  <testcase classname="testNG.ParameterTest" name="testLogo" time="0.036"/>
  <testcase classname="testNG.ParameterTest" name="testTitle" time="0.0"/>
  <testcase classname="testNG.ParameterTest" name="testURL" time="0.0"/>
</testsuite> <!-- chrometest -->
