<?xml version="1.0" encoding="UTF-8"?>
<!-- Generated by org.testng.reporters.JUnitXMLReporter -->
<testsuite ignored="0" hostname="DESKTOP-1L2U70G" failures="0" tests="3" name="firefoxtest" time="9.924" errors="0" timestamp="2025-01-07T18:16:06 IST">
  <testcase classname="testNG.ParameterTest" name="testLogo" time="0.025"/>
  <testcase classname="testNG.ParameterTest" name="testTitle" time="0.01"/>
  <testcase classname="testNG.ParameterTest" name="testURL" time="0.0"/>
</testsuite> <!-- firefoxtest -->
