<?xml version="1.0" encoding="UTF-8"?>
<!-- Generated by org.testng.reporters.JUnitXMLReporter -->
<testsuite ignored="0" hostname="DESKTOP-1L2U70G" failures="1" tests="2" name="Test" time="26.071" errors="0" timestamp="2025-01-16T11:20:35 IST">
  <testcase classname="testCases.TC001_AccountRegistrationTest" name="verify_account_registration" time="3.644"/>
  <testcase classname="testCases.TC002_LoginTest" name="verify_Login" time="12.676">
    <failure type="java.lang.AssertionError" message="expected [true] but found [false]">
      <![CDATA[java.lang.AssertionError: expected [true] but found [false]
at testCases.TC002_LoginTest.verify_Login(TC002_LoginTest.java:52)
at java.base/java.util.ArrayList.forEach(ArrayList.java:1597)
... Removed 33 stack frames]]>
    </failure>
  </testcase> <!-- verify_Login -->
</testsuite> <!-- Test -->
