<?xml version="1.0" encoding="UTF-8"?>
<!-- Generated by org.testng.reporters.JUnitXMLReporter -->
<testsuite ignored="0" hostname="DESKTOP-1L2U70G" failures="1" tests="2" name="Test" time="17.123" errors="0" timestamp="2025-01-13T17:50:50 IST">
  <testcase classname="testCases.TC001_AccountRegistrationTest" name="verify_account_registration" time="3.718"/>
  <testcase classname="testCases.TC002_LoginTest" name="verify_Login" time="0.002">
    <failure type="java.lang.Error" message="Unresolved compilation problems: 
	p cannot be resolved
	p cannot be resolved
">
      <![CDATA[java.lang.Error: Unresolved compilation problems: 
p cannot be resolved
p cannot be resolved

at testCases.TC002_LoginTest.verify_Login(TC002_LoginTest.java:26)
at java.base/java.util.ArrayList.forEach(ArrayList.java:1597)
... Removed 25 stack frames]]>
    </failure>
  </testcase> <!-- verify_Login -->
</testsuite> <!-- Test -->
